c:\users\jon\desktop\mondragón\oinarri metodologikoak\git\repositorio froga\popbl_informatika1.taldea\sdlexamplesvcws\01simplestaticdemo\debug\vc142.pdb
c:\users\jon\desktop\sdlexamplesvcws (jon)\01simplestaticdemo\debug\vc142.pdb
c:\users\jon\desktop\sdlexamplesvcws (jon)\01simplestaticdemo\debug\vc142.idb
c:\users\jon\desktop\sdlexamplesvcws (jon)\01simplestaticdemo\debug\functionality.obj
c:\users\jon\desktop\sdlexamplesvcws (jon)\01simplestaticdemo\debug\01simplestaticdemomain.obj
c:\users\jon\desktop\sdlexamplesvcws (jon)\01simplestaticdemo\debug\text.obj
c:\users\jon\desktop\sdlexamplesvcws (jon)\01simplestaticdemo\debug\soinua.obj
c:\users\jon\desktop\sdlexamplesvcws (jon)\01simplestaticdemo\debug\imagen.obj
c:\users\jon\desktop\sdlexamplesvcws (jon)\01simplestaticdemo\debug\graphics.obj
c:\users\jon\desktop\sdlexamplesvcws (jon)\01simplestaticdemo\debug\ebentoak.obj
c:\users\jon\desktop\mondragón\oinarri metodologikoak\git\repositorio froga\popbl_informatika1.taldea\sdlexamplesvcws\debug\01simplestaticdemo.exe
c:\users\jon\desktop\mondragón\oinarri metodologikoak\git\repositorio froga\popbl_informatika1.taldea\sdlexamplesvcws\debug\01simplestaticdemo.ilk
c:\users\jon\desktop\mondragón\oinarri metodologikoak\git\repositorio froga\popbl_informatika1.taldea\sdlexamplesvcws\debug\01simplestaticdemo.pdb
c:\users\jon\desktop\sdlexamplesvcws (jon)\debug\01simplestaticdemo.exe
c:\users\jon\desktop\sdlexamplesvcws (jon)\debug\01simplestaticdemo.ilk
c:\users\jon\desktop\sdlexamplesvcws (jon)\debug\01simplestaticdemo.pdb
c:\users\jon\desktop\mondragón\oinarri metodologikoak\git\repositorio froga\popbl_informatika1.taldea\sdlexamplesvcws\01simplestaticdemo\debug\01simplestaticdemomain.obj
c:\users\jon\desktop\mondragón\oinarri metodologikoak\git\repositorio froga\popbl_informatika1.taldea\sdlexamplesvcws\01simplestaticdemo\debug\ebentoak.obj
c:\users\jon\desktop\mondragón\oinarri metodologikoak\git\repositorio froga\popbl_informatika1.taldea\sdlexamplesvcws\01simplestaticdemo\debug\graphics.obj
c:\users\jon\desktop\mondragón\oinarri metodologikoak\git\repositorio froga\popbl_informatika1.taldea\sdlexamplesvcws\01simplestaticdemo\debug\imagen.obj
c:\users\jon\desktop\mondragón\oinarri metodologikoak\git\repositorio froga\popbl_informatika1.taldea\sdlexamplesvcws\01simplestaticdemo\debug\soinua.obj
c:\users\jon\desktop\mondragón\oinarri metodologikoak\git\repositorio froga\popbl_informatika1.taldea\sdlexamplesvcws\01simplestaticdemo\debug\text.obj
c:\users\jon\desktop\mondragón\oinarri metodologikoak\git\repositorio froga\popbl_informatika1.taldea\sdlexamplesvcws\01simplestaticdemo\debug\vc142.idb
c:\users\jon\desktop\mondragón\oinarri metodologikoak\git\repositorio froga\popbl_informatika1.taldea\sdlexamplesvcws\01simplestaticdemo\debug\01simple.04ac65fd.tlog\cl.command.1.tlog
c:\users\jon\desktop\mondragón\oinarri metodologikoak\git\repositorio froga\popbl_informatika1.taldea\sdlexamplesvcws\01simplestaticdemo\debug\01simple.04ac65fd.tlog\cl.read.1.tlog
c:\users\jon\desktop\mondragón\oinarri metodologikoak\git\repositorio froga\popbl_informatika1.taldea\sdlexamplesvcws\01simplestaticdemo\debug\01simple.04ac65fd.tlog\cl.write.1.tlog
c:\users\jon\desktop\mondragón\oinarri metodologikoak\git\repositorio froga\popbl_informatika1.taldea\sdlexamplesvcws\01simplestaticdemo\debug\01simple.04ac65fd.tlog\link.command.1.tlog
c:\users\jon\desktop\mondragón\oinarri metodologikoak\git\repositorio froga\popbl_informatika1.taldea\sdlexamplesvcws\01simplestaticdemo\debug\01simple.04ac65fd.tlog\link.read.1.tlog
c:\users\jon\desktop\mondragón\oinarri metodologikoak\git\repositorio froga\popbl_informatika1.taldea\sdlexamplesvcws\01simplestaticdemo\debug\01simple.04ac65fd.tlog\link.write.1.tlog
