c:\users\jon\desktop\sdlexamplesvcws\02simplegame\debug\vc142.pdb
c:\users\jon\desktop\sdlexamplesvcws\02simplegame\debug\vc142.idb
c:\users\jon\desktop\sdlexamplesvcws\02simplegame\debug\game02.obj
c:\users\jon\desktop\sdlexamplesvcws\02simplegame\debug\02simplegamemain.obj
c:\users\jon\desktop\sdlexamplesvcws\02simplegame\debug\text.obj
c:\users\jon\desktop\sdlexamplesvcws\02simplegame\debug\soinua.obj
c:\users\jon\desktop\sdlexamplesvcws\02simplegame\debug\imagen.obj
c:\users\jon\desktop\sdlexamplesvcws\02simplegame\debug\graphics.obj
c:\users\jon\desktop\sdlexamplesvcws\02simplegame\debug\ebentoak.obj
c:\users\jon\desktop\mondragón\oinarri metodologikoak\git\repositorio froga\popbl_informatika1.taldea\sdlexamplesvcws\02simplegame\debug\vc142.pdb
c:\users\jon\desktop\mondragón\oinarri metodologikoak\git\repositorio froga\popbl_informatika1.taldea\sdlexamplesvcws\02simplegame\debug\vc142.idb
c:\users\jon\desktop\mondragón\oinarri metodologikoak\git\repositorio froga\popbl_informatika1.taldea\sdlexamplesvcws\02simplegame\debug\game02.obj
c:\users\jon\desktop\mondragón\oinarri metodologikoak\git\repositorio froga\popbl_informatika1.taldea\sdlexamplesvcws\02simplegame\debug\02simplegamemain.obj
c:\users\jon\desktop\mondragón\oinarri metodologikoak\git\repositorio froga\popbl_informatika1.taldea\sdlexamplesvcws\02simplegame\debug\text.obj
c:\users\jon\desktop\mondragón\oinarri metodologikoak\git\repositorio froga\popbl_informatika1.taldea\sdlexamplesvcws\02simplegame\debug\soinua.obj
c:\users\jon\desktop\mondragón\oinarri metodologikoak\git\repositorio froga\popbl_informatika1.taldea\sdlexamplesvcws\02simplegame\debug\imagen.obj
c:\users\jon\desktop\mondragón\oinarri metodologikoak\git\repositorio froga\popbl_informatika1.taldea\sdlexamplesvcws\02simplegame\debug\graphics.obj
c:\users\jon\desktop\mondragón\oinarri metodologikoak\git\repositorio froga\popbl_informatika1.taldea\sdlexamplesvcws\02simplegame\debug\ebentoak.obj
c:\users\jon\desktop\sdlexamplesvcws\debug\02simplegame.exe
c:\users\jon\desktop\sdlexamplesvcws\debug\02simplegame.ilk
c:\users\jon\desktop\sdlexamplesvcws\debug\02simplegame.pdb
c:\users\jon\desktop\mondragón\oinarri metodologikoak\git\repositorio froga\popbl_informatika1.taldea\sdlexamplesvcws\debug\02simplegame.exe
c:\users\jon\desktop\mondragón\oinarri metodologikoak\git\repositorio froga\popbl_informatika1.taldea\sdlexamplesvcws\debug\02simplegame.ilk
c:\users\jon\desktop\mondragón\oinarri metodologikoak\git\repositorio froga\popbl_informatika1.taldea\sdlexamplesvcws\debug\02simplegame.pdb
c:\users\jon\desktop\mondragón\oinarri metodologikoak\git\repositorio froga\popbl_informatika1.taldea\sdlexamplesvcws\02simplegame\debug\02simplegame.tlog\cl.command.1.tlog
c:\users\jon\desktop\mondragón\oinarri metodologikoak\git\repositorio froga\popbl_informatika1.taldea\sdlexamplesvcws\02simplegame\debug\02simplegame.tlog\cl.read.1.tlog
c:\users\jon\desktop\mondragón\oinarri metodologikoak\git\repositorio froga\popbl_informatika1.taldea\sdlexamplesvcws\02simplegame\debug\02simplegame.tlog\cl.write.1.tlog
c:\users\jon\desktop\mondragón\oinarri metodologikoak\git\repositorio froga\popbl_informatika1.taldea\sdlexamplesvcws\02simplegame\debug\02simplegame.tlog\link.command.1.tlog
c:\users\jon\desktop\mondragón\oinarri metodologikoak\git\repositorio froga\popbl_informatika1.taldea\sdlexamplesvcws\02simplegame\debug\02simplegame.tlog\link.read.1.tlog
c:\users\jon\desktop\mondragón\oinarri metodologikoak\git\repositorio froga\popbl_informatika1.taldea\sdlexamplesvcws\02simplegame\debug\02simplegame.tlog\link.write.1.tlog
