c:\users\jon\documents\github\popbl_informatika1.taldea\02simplegame\debug\vc142.pdb
c:\users\jon\documents\github\popbl_informatika1.taldea\02simplegame\debug\vc142.idb
c:\users\jon\documents\github\popbl_informatika1.taldea\02simplegame\debug\towerfunctionality.obj
c:\users\jon\documents\github\popbl_informatika1.taldea\02simplegame\debug\towerbuild.obj
c:\users\jon\documents\github\popbl_informatika1.taldea\02simplegame\debug\olatuak.obj
c:\users\jon\documents\github\popbl_informatika1.taldea\02simplegame\debug\hasieratu.obj
c:\users\jon\documents\github\popbl_informatika1.taldea\02simplegame\debug\cucumbers_catastrophe_main.obj
c:\users\jon\documents\github\popbl_informatika1.taldea\02simplegame\debug\cc_game.obj
c:\users\jon\documents\github\popbl_informatika1.taldea\02simplegame\debug\text.obj
c:\users\jon\documents\github\popbl_informatika1.taldea\02simplegame\debug\soinua.obj
c:\users\jon\documents\github\popbl_informatika1.taldea\02simplegame\debug\imagen.obj
c:\users\jon\documents\github\popbl_informatika1.taldea\02simplegame\debug\graphics.obj
c:\users\jon\documents\github\popbl_informatika1.taldea\02simplegame\debug\ebentoak.obj
c:\users\jon\documents\github\popbl_informatika1.taldea\debug\02simplegame.ilk
c:\users\jon\documents\github\popbl_informatika1.taldea\debug\02simplegame.exe
c:\users\jon\documents\github\popbl_informatika1.taldea\debug\02simplegame.pdb
c:\users\jon\documents\github\popbl_informatika1.taldea\02simplegame\debug\02simplegame.tlog\cl.command.1.tlog
c:\users\jon\documents\github\popbl_informatika1.taldea\02simplegame\debug\02simplegame.tlog\cl.read.1.tlog
c:\users\jon\documents\github\popbl_informatika1.taldea\02simplegame\debug\02simplegame.tlog\cl.write.1.tlog
c:\users\jon\documents\github\popbl_informatika1.taldea\02simplegame\debug\02simplegame.tlog\link.command.1.tlog
c:\users\jon\documents\github\popbl_informatika1.taldea\02simplegame\debug\02simplegame.tlog\link.read.1.tlog
c:\users\jon\documents\github\popbl_informatika1.taldea\02simplegame\debug\02simplegame.tlog\link.write.1.tlog
